<?xml version="1.0" encoding="UTF-8"?>
<testng-results skipped="0" failed="0" ignored="0" total="1" passed="1">
  <reporter-output>
  </reporter-output>
  <suite name="Default suite" duration-ms="13009" started-at="2017-10-26T23:26:07Z" finished-at="2017-10-26T23:26:20Z">
    <groups>
    </groups>
    <test name="Default test" duration-ms="13009" started-at="2017-10-26T23:26:07Z" finished-at="2017-10-26T23:26:20Z">
      <class name="com.automation.interview.testng.tests.FirstTest">
        <test-method status="PASS" signature="firstTestMethod()[pri:0, instance:com.automation.interview.testng.tests.FirstTest@33065d67]" name="firstTestMethod" duration-ms="12980" started-at="2017-10-27T00:26:07Z" finished-at="2017-10-27T00:26:20Z">
          <reporter-output>
          </reporter-output>
        </test-method> <!-- firstTestMethod -->
      </class> <!-- com.automation.interview.testng.tests.FirstTest -->
    </test> <!-- Default test -->
  </suite> <!-- Default suite -->
</testng-results>
